<?xml version="1.0" encoding="UTF-8"?>
<!-- Generated by org.testng.reporters.JUnitXMLReporter -->
<testsuite hostname="DLLB0402" ignored="0" name="Default test" tests="3" failures="0" timestamp="01 Jun 2018 12:18:11 GMT" time="155.311" errors="0">
  <testcase name="test1_verifySignUpFunctionality" time="67.963" classname="com.automation.tests.WebTest"/>
  <testcase name="test2_verifyLogInFunctionality" time="20.802" classname="com.automation.tests.WebTest"/>
  <testcase name="test3_verifyCheckOutFunctionality" time="51.087" classname="com.automation.tests.WebTest"/>
</testsuite> <!-- Default test -->
