<?xml version="1.0" encoding="UTF-8"?>
<!-- Generated by org.testng.reporters.JUnitXMLReporter -->
<testsuite hostname="DLLB0402" name="Test" tests="3" failures="0" timestamp="29 May 2018 13:05:51 GMT" time="155.877" errors="0">
  <testcase name="test1_verifySignUpFunctionality" time="69.071" classname="com.automation.tests.WebTest"/>
  <testcase name="test2_verifyLogInFunctionality" time="20.564" classname="com.automation.tests.WebTest"/>
  <testcase name="test3_verifyCheckOutFunctionality" time="47.607" classname="com.automation.tests.WebTest"/>
</testsuite> <!-- Test -->
